# Logfile created on 2018-06-26 07:23:28 +0000 by logger.rb/56438
[2018-06-26T07:23:29+00:00] INFO: Started chef-zero at chefzero://localhost:1 with repository at /opt/gitlab/embedded
  One version per cookbook

[2018-06-26T07:23:29+00:00] INFO: *** Chef 13.6.4 ***
[2018-06-26T07:23:29+00:00] INFO: Platform: x86_64-linux
[2018-06-26T07:23:29+00:00] INFO: Chef-client pid: 42
[2018-06-26T07:23:29+00:00] INFO: The plugin path /etc/chef/ohai/plugins does not exist. Skipping...
[2018-06-26T07:23:30+00:00] WARN: Plugin Network: unable to detect ipaddress
[2018-06-26T07:23:31+00:00] INFO: Setting the run_list to ["recipe[gitlab-ee]"] from CLI options
[2018-06-26T07:23:31+00:00] INFO: Run List is [recipe[gitlab-ee]]
[2018-06-26T07:23:31+00:00] INFO: Run List expands to [gitlab-ee]
[2018-06-26T07:23:31+00:00] INFO: Starting Chef Run for gitlab.example.com
[2018-06-26T07:23:31+00:00] INFO: Running start handlers
[2018-06-26T07:23:31+00:00] INFO: Start handlers complete.
[2018-06-26T07:23:32+00:00] INFO: Loading cookbooks [gitlab-ee@0.0.1, package@0.1.0, gitlab@0.0.1, consul@0.0.0, repmgr@0.1.0, runit@0.14.2, postgresql@0.1.0, registry@0.1.0, mattermost@0.1.0, gitaly@0.1.0, letsencrypt@0.1.0, nginx@0.1.0, acme@3.1.0, crond@0.1.0, compat_resource@12.19.0]
[2018-06-26T07:23:36+00:00] WARN: Runtime directory '/run' is not a tmpfs.
[2018-06-26T07:23:36+00:00] WARN: Skipped selecting an init system because it looks like we are running in a container
[2018-06-26T07:23:37+00:00] INFO: The plugin path /etc/chef/ohai/plugins does not exist. Skipping...
[2018-06-26T07:23:38+00:00] INFO: execute[/opt/gitlab/embedded/service/gitlab-shell/bin/gitlab-keys check-permissions] ran successfully
[2018-06-26T07:23:40+00:00] INFO: execute[chown -R root:root /opt/gitlab/embedded/service/gitlab-rails/public] ran successfully
[2018-06-26T07:23:40+00:00] INFO: link[/opt/gitlab/service/redis] created
[2018-06-26T07:23:41+00:00] INFO: link[/opt/gitlab/service/postgresql] created
[2018-06-26T07:23:42+00:00] INFO: link[/opt/gitlab/service/unicorn] created
[2018-06-26T07:23:42+00:00] INFO: link[/opt/gitlab/service/sidekiq] created
[2018-06-26T07:23:42+00:00] INFO: link[/opt/gitlab/service/gitlab-workhorse] created
[2018-06-26T07:23:42+00:00] INFO: link[/opt/gitlab/service/nginx] created
[2018-06-26T07:23:42+00:00] INFO: link[/opt/gitlab/service/logrotate] created
[2018-06-26T07:23:42+00:00] INFO: link[/opt/gitlab/service/gitaly] created
[2018-06-26T07:23:43+00:00] INFO: link[/opt/gitlab/service/node-exporter] created
[2018-06-26T07:23:43+00:00] INFO: link[/opt/gitlab/service/gitlab-monitor] created
[2018-06-26T07:23:43+00:00] INFO: link[/opt/gitlab/service/redis-exporter] created
[2018-06-26T07:23:43+00:00] INFO: template[/opt/gitlab/sv/prometheus/run] backed up to /opt/gitlab/embedded/cookbooks/cache/backup/opt/gitlab/sv/prometheus/run.chef-20180626072343.426710
[2018-06-26T07:23:43+00:00] INFO: template[/opt/gitlab/sv/prometheus/run] updated file contents /opt/gitlab/sv/prometheus/run
[2018-06-26T07:23:43+00:00] INFO: link[/opt/gitlab/service/prometheus] created
[2018-06-26T07:23:43+00:00] INFO: link[/opt/gitlab/service/alertmanager] created
[2018-06-26T07:23:43+00:00] INFO: link[/opt/gitlab/service/postgres-exporter] created
[2018-06-26T07:23:43+00:00] INFO: Chef Run complete in 12.591838231 seconds
[2018-06-26T07:23:43+00:00] INFO: Running report handlers
[2018-06-26T07:23:44+00:00] INFO: Report handlers complete
